<?xml version="1.0" encoding="UTF-8"?>
<!-- Generated by org.testng.reporters.JUnitReportReporter -->
<testsuite hostname="sony-VAIO" name="com.restAssuredTestCases.SchemaValidatorTest" tests="1" failures="0" timestamp="1 Dec 2019 19:33:09 GMT" time="4.867" errors="0">
  <testcase name="testJsonSchemaValidatorForComment" time="4.867" classname="com.restAssuredTestCases.SchemaValidatorTest"/>
</testsuite> <!-- com.restAssuredTestCases.SchemaValidatorTest -->
