<?xml version="1.0" encoding="UTF-8"?>
<!-- Generated by org.testng.reporters.JUnitReportReporter -->
<testsuite hostname="sony-VAIO" name="com.restAssuredTestCases.ResponseAsList" tests="3" failures="0" timestamp="3 Dec 2019 16:50:31 GMT" time="13.850" errors="0">
  <testcase name="testFetchValueAsClass" time="11.342" classname="com.restAssuredTestCases.ResponseAsList"/>
  <testcase name="testFetchValueAsList" time="2.482" classname="com.restAssuredTestCases.ResponseAsList"/>
  <testcase name="fetchValuesAsList" time="0.026" classname="com.restAssuredTestCases.ResponseAsList"/>
</testsuite> <!-- com.restAssuredTestCases.ResponseAsList -->
