<?xml version="1.0" encoding="UTF-8"?>
<!-- Generated by org.testng.reporters.JUnitReportReporter -->
<testsuite hostname="sony-VAIO" name="com.restAssuredTestCases.CoopAuthTest" tests="2" failures="0" timestamp="1 Dec 2019 19:03:20 GMT" time="6.718" errors="0">
  <testcase name="getAccessTokenUsingClientCredentialGrant" time="5.827" classname="com.restAssuredTestCases.CoopAuthTest"/>
  <testcase name="getUserId" time="0.891" classname="com.restAssuredTestCases.CoopAuthTest"/>
</testsuite> <!-- com.restAssuredTestCases.CoopAuthTest -->
