<?xml version="1.0" encoding="UTF-8"?>
<!-- Generated by org.testng.reporters.JUnitReportReporter -->
<testsuite hostname="sony-VAIO" name="com.restAssuredTestCases.UserTestCase" tests="2" failures="0" timestamp="3 Dec 2019 16:49:59 GMT" time="7.460" errors="2">
  <testcase name="validateUserDataTestCase" time="0.663" classname="com.restAssuredTestCases.UserTestCase">
    <error type="com.fasterxml.jackson.databind.exc.UnrecognizedPropertyException" message="Unrecognized field &quot;geo&quot; (class com.restAssuredAPI.Address), not marked as ignorable (5 known properties: &quot;suite&quot;, &quot;street&quot;, &quot;geoOb&quot;, &quot;zipcode&quot;, &quot;city&quot;])
 at [Source: (String)&quot;{&quot;website&quot;:&quot;hildegard.org&quot;,&quot;address&quot;:{&quot;zipcode&quot;:&quot;92998-3874&quot;,&quot;geo&quot;:{&quot;lng&quot;:&quot;81.1496&quot;,&quot;lat&quot;:&quot;-37.3159&quot;},&quot;suite&quot;:&quot;Apt. 556&quot;,&quot;city&quot;:&quot;Gwenborough&quot;,&quot;street&quot;:&quot;Kulas Light&quot;},&quot;phone&quot;:&quot;1-770-736-8031 x56442&quot;,&quot;name&quot;:&quot;Leanne Graham&quot;,&quot;company&quot;:{&quot;bs&quot;:&quot;harness real-time e-markets&quot;,&quot;catchPhrase&quot;:&quot;Multi-layered client-server neural-net&quot;,&quot;name&quot;:&quot;Romaguera-Crona&quot;},&quot;id&quot;:1,&quot;email&quot;:&quot;Sincere@april.biz&quot;,&quot;username&quot;:&quot;Bret&quot;}&quot;; line: 1, column: 69] (through reference chain: com.restAssuredAPI.User[&quot;address&quot;]-&gt;com.restAssuredAPI.Address[&quot;geo&quot;])">
      <![CDATA[com.fasterxml.jackson.databind.exc.UnrecognizedPropertyException: Unrecognized field "geo" (class com.restAssuredAPI.Address), not marked as ignorable (5 known properties: "suite", "street", "geoOb", "zipcode", "city"])
 at [Source: (String)"{"website":"hildegard.org","address":{"zipcode":"92998-3874","geo":{"lng":"81.1496","lat":"-37.3159"},"suite":"Apt. 556","city":"Gwenborough","street":"Kulas Light"},"phone":"1-770-736-8031 x56442","name":"Leanne Graham","company":{"bs":"harness real-time e-markets","catchPhrase":"Multi-layered client-server neural-net","name":"Romaguera-Crona"},"id":1,"email":"Sincere@april.biz","username":"Bret"}"; line: 1, column: 69] (through reference chain: com.restAssuredAPI.User["address"]->com.restAssuredAPI.Address["geo"])
	at com.fasterxml.jackson.databind.exc.UnrecognizedPropertyException.from(UnrecognizedPropertyException.java:61)
	at com.fasterxml.jackson.databind.DeserializationContext.handleUnknownProperty(DeserializationContext.java:823)
	at com.fasterxml.jackson.databind.deser.std.StdDeserializer.handleUnknownProperty(StdDeserializer.java:1153)
	at com.fasterxml.jackson.databind.deser.BeanDeserializerBase.handleUnknownProperty(BeanDeserializerBase.java:1589)
	at com.fasterxml.jackson.databind.deser.BeanDeserializerBase.handleUnknownVanilla(BeanDeserializerBase.java:1567)
	at com.fasterxml.jackson.databind.deser.BeanDeserializer.vanillaDeserialize(BeanDeserializer.java:294)
	at com.fasterxml.jackson.databind.deser.BeanDeserializer.deserialize(BeanDeserializer.java:151)
	at com.fasterxml.jackson.databind.deser.impl.MethodProperty.deserializeAndSet(MethodProperty.java:127)
	at com.fasterxml.jackson.databind.deser.BeanDeserializer.vanillaDeserialize(BeanDeserializer.java:288)
	at com.fasterxml.jackson.databind.deser.BeanDeserializer.deserialize(BeanDeserializer.java:151)
	at com.fasterxml.jackson.databind.ObjectMapper._readMapAndClose(ObjectMapper.java:4013)
	at com.fasterxml.jackson.databind.ObjectMapper.readValue(ObjectMapper.java:3042)
	at com.fasterxml.jackson.databind.ObjectMapper$readValue$0.call(Unknown Source)
	at io.restassured.internal.path.json.mapping.JsonPathJackson2ObjectDeserializer.deserialize(JsonPathJackson2ObjectDeserializer.groovy:46)
	at io.restassured.path.json.mapping.JsonPathObjectDeserializer$deserialize.call(Unknown Source)
	at io.restassured.internal.path.json.mapping.JsonObjectDeserializer.deserializeWithJackson2(JsonObjectDeserializer.groovy:103)
	at io.restassured.internal.path.json.mapping.JsonObjectDeserializer$deserializeWithJackson2.callStatic(Unknown Source)
	at io.restassured.internal.path.json.mapping.JsonObjectDeserializer.deserialize(JsonObjectDeserializer.groovy:68)
	at io.restassured.path.json.JsonPath.jsonStringToObject(JsonPath.java:1091)
	at io.restassured.path.json.JsonPath.getList(JsonPath.java:400)
	at com.restAssuredTestCases.UserTestCase.validateUserDataTestCase(UserTestCase.java:18)
	at sun.reflect.NativeMethodAccessorImpl.invoke0(Native Method)
	at sun.reflect.NativeMethodAccessorImpl.invoke(NativeMethodAccessorImpl.java:62)
	at sun.reflect.DelegatingMethodAccessorImpl.invoke(DelegatingMethodAccessorImpl.java:43)
	at java.lang.reflect.Method.invoke(Method.java:498)
	at org.testng.internal.MethodInvocationHelper.invokeMethod(MethodInvocationHelper.java:86)
	at org.testng.internal.Invoker.invokeMethod(Invoker.java:646)
	at org.testng.internal.Invoker.retryFailed(Invoker.java:970)
	at org.testng.internal.Invoker.invokeTestMethods(Invoker.java:1149)
	at org.testng.internal.TestMethodWorker.invokeTestMethods(TestMethodWorker.java:129)
	at org.testng.internal.TestMethodWorker.run(TestMethodWorker.java:112)
	at org.testng.TestRunner.privateRun(TestRunner.java:778)
	at org.testng.TestRunner.run(TestRunner.java:632)
	at org.testng.SuiteRunner.runTest(SuiteRunner.java:366)
	at org.testng.SuiteRunner.runSequentially(SuiteRunner.java:361)
	at org.testng.SuiteRunner.privateRun(SuiteRunner.java:319)
	at org.testng.SuiteRunner.run(SuiteRunner.java:268)
	at org.testng.SuiteRunnerWorker.runSuite(SuiteRunnerWorker.java:52)
	at org.testng.SuiteRunnerWorker.run(SuiteRunnerWorker.java:86)
	at org.testng.TestNG.runSuitesSequentially(TestNG.java:1225)
	at org.testng.TestNG.runSuitesLocally(TestNG.java:1150)
	at org.testng.TestNG.runSuites(TestNG.java:1075)
	at org.testng.TestNG.run(TestNG.java:1047)
	at org.testng.remote.AbstractRemoteTestNG.run(AbstractRemoteTestNG.java:126)
	at org.testng.remote.RemoteTestNG.initAndRun(RemoteTestNG.java:137)
	at org.testng.remote.RemoteTestNG.main(RemoteTestNG.java:58)
]]>
    </error>
  </testcase> <!-- validateUserDataTestCase -->
  <testcase name="validateUserDataTestCase" time="6.797" classname="com.restAssuredTestCases.UserTestCase">
    <error type="com.fasterxml.jackson.databind.exc.UnrecognizedPropertyException" message="Unrecognized field &quot;geo&quot; (class com.restAssuredAPI.Address), not marked as ignorable (5 known properties: &quot;suite&quot;, &quot;street&quot;, &quot;geoOb&quot;, &quot;zipcode&quot;, &quot;city&quot;])
 at [Source: (String)&quot;{&quot;website&quot;:&quot;hildegard.org&quot;,&quot;address&quot;:{&quot;zipcode&quot;:&quot;92998-3874&quot;,&quot;geo&quot;:{&quot;lng&quot;:&quot;81.1496&quot;,&quot;lat&quot;:&quot;-37.3159&quot;},&quot;suite&quot;:&quot;Apt. 556&quot;,&quot;city&quot;:&quot;Gwenborough&quot;,&quot;street&quot;:&quot;Kulas Light&quot;},&quot;phone&quot;:&quot;1-770-736-8031 x56442&quot;,&quot;name&quot;:&quot;Leanne Graham&quot;,&quot;company&quot;:{&quot;bs&quot;:&quot;harness real-time e-markets&quot;,&quot;catchPhrase&quot;:&quot;Multi-layered client-server neural-net&quot;,&quot;name&quot;:&quot;Romaguera-Crona&quot;},&quot;id&quot;:1,&quot;email&quot;:&quot;Sincere@april.biz&quot;,&quot;username&quot;:&quot;Bret&quot;}&quot;; line: 1, column: 69] (through reference chain: com.restAssuredAPI.User[&quot;address&quot;]-&gt;com.restAssuredAPI.Address[&quot;geo&quot;])">
      <![CDATA[com.fasterxml.jackson.databind.exc.UnrecognizedPropertyException: Unrecognized field "geo" (class com.restAssuredAPI.Address), not marked as ignorable (5 known properties: "suite", "street", "geoOb", "zipcode", "city"])
 at [Source: (String)"{"website":"hildegard.org","address":{"zipcode":"92998-3874","geo":{"lng":"81.1496","lat":"-37.3159"},"suite":"Apt. 556","city":"Gwenborough","street":"Kulas Light"},"phone":"1-770-736-8031 x56442","name":"Leanne Graham","company":{"bs":"harness real-time e-markets","catchPhrase":"Multi-layered client-server neural-net","name":"Romaguera-Crona"},"id":1,"email":"Sincere@april.biz","username":"Bret"}"; line: 1, column: 69] (through reference chain: com.restAssuredAPI.User["address"]->com.restAssuredAPI.Address["geo"])
	at com.fasterxml.jackson.databind.exc.UnrecognizedPropertyException.from(UnrecognizedPropertyException.java:61)
	at com.fasterxml.jackson.databind.DeserializationContext.handleUnknownProperty(DeserializationContext.java:823)
	at com.fasterxml.jackson.databind.deser.std.StdDeserializer.handleUnknownProperty(StdDeserializer.java:1153)
	at com.fasterxml.jackson.databind.deser.BeanDeserializerBase.handleUnknownProperty(BeanDeserializerBase.java:1589)
	at com.fasterxml.jackson.databind.deser.BeanDeserializerBase.handleUnknownVanilla(BeanDeserializerBase.java:1567)
	at com.fasterxml.jackson.databind.deser.BeanDeserializer.vanillaDeserialize(BeanDeserializer.java:294)
	at com.fasterxml.jackson.databind.deser.BeanDeserializer.deserialize(BeanDeserializer.java:151)
	at com.fasterxml.jackson.databind.deser.impl.MethodProperty.deserializeAndSet(MethodProperty.java:127)
	at com.fasterxml.jackson.databind.deser.BeanDeserializer.vanillaDeserialize(BeanDeserializer.java:288)
	at com.fasterxml.jackson.databind.deser.BeanDeserializer.deserialize(BeanDeserializer.java:151)
	at com.fasterxml.jackson.databind.ObjectMapper._readMapAndClose(ObjectMapper.java:4013)
	at com.fasterxml.jackson.databind.ObjectMapper.readValue(ObjectMapper.java:3042)
	at com.fasterxml.jackson.databind.ObjectMapper$readValue$0.call(Unknown Source)
	at org.codehaus.groovy.runtime.callsite.CallSiteArray.defaultCall(CallSiteArray.java:47)
	at org.codehaus.groovy.runtime.callsite.AbstractCallSite.call(AbstractCallSite.java:115)
	at org.codehaus.groovy.runtime.callsite.AbstractCallSite.call(AbstractCallSite.java:135)
	at io.restassured.internal.path.json.mapping.JsonPathJackson2ObjectDeserializer.deserialize(JsonPathJackson2ObjectDeserializer.groovy:46)
	at io.restassured.path.json.mapping.JsonPathObjectDeserializer$deserialize.call(Unknown Source)
	at org.codehaus.groovy.runtime.callsite.CallSiteArray.defaultCall(CallSiteArray.java:47)
	at org.codehaus.groovy.runtime.callsite.AbstractCallSite.call(AbstractCallSite.java:115)
	at org.codehaus.groovy.runtime.callsite.AbstractCallSite.call(AbstractCallSite.java:127)
	at io.restassured.internal.path.json.mapping.JsonObjectDeserializer.deserializeWithJackson2(JsonObjectDeserializer.groovy:103)
	at io.restassured.internal.path.json.mapping.JsonObjectDeserializer$deserializeWithJackson2.callStatic(Unknown Source)
	at org.codehaus.groovy.runtime.callsite.CallSiteArray.defaultCallStatic(CallSiteArray.java:55)
	at org.codehaus.groovy.runtime.callsite.AbstractCallSite.callStatic(AbstractCallSite.java:196)
	at org.codehaus.groovy.runtime.callsite.AbstractCallSite.callStatic(AbstractCallSite.java:216)
	at io.restassured.internal.path.json.mapping.JsonObjectDeserializer.deserialize(JsonObjectDeserializer.groovy:68)
	at io.restassured.path.json.JsonPath.jsonStringToObject(JsonPath.java:1091)
	at io.restassured.path.json.JsonPath.getList(JsonPath.java:400)
	at com.restAssuredTestCases.UserTestCase.validateUserDataTestCase(UserTestCase.java:18)
	at sun.reflect.NativeMethodAccessorImpl.invoke0(Native Method)
	at sun.reflect.NativeMethodAccessorImpl.invoke(NativeMethodAccessorImpl.java:62)
	at sun.reflect.DelegatingMethodAccessorImpl.invoke(DelegatingMethodAccessorImpl.java:43)
	at java.lang.reflect.Method.invoke(Method.java:498)
	at org.testng.internal.MethodInvocationHelper.invokeMethod(MethodInvocationHelper.java:86)
	at org.testng.internal.Invoker.invokeMethod(Invoker.java:646)
	at org.testng.internal.Invoker.invokeTestMethod(Invoker.java:823)
	at org.testng.internal.Invoker.invokeTestMethods(Invoker.java:1131)
	at org.testng.internal.TestMethodWorker.invokeTestMethods(TestMethodWorker.java:129)
	at org.testng.internal.TestMethodWorker.run(TestMethodWorker.java:112)
	at org.testng.TestRunner.privateRun(TestRunner.java:778)
	at org.testng.TestRunner.run(TestRunner.java:632)
	at org.testng.SuiteRunner.runTest(SuiteRunner.java:366)
	at org.testng.SuiteRunner.runSequentially(SuiteRunner.java:361)
	at org.testng.SuiteRunner.privateRun(SuiteRunner.java:319)
	at org.testng.SuiteRunner.run(SuiteRunner.java:268)
	at org.testng.SuiteRunnerWorker.runSuite(SuiteRunnerWorker.java:52)
	at org.testng.SuiteRunnerWorker.run(SuiteRunnerWorker.java:86)
	at org.testng.TestNG.runSuitesSequentially(TestNG.java:1225)
	at org.testng.TestNG.runSuitesLocally(TestNG.java:1150)
	at org.testng.TestNG.runSuites(TestNG.java:1075)
	at org.testng.TestNG.run(TestNG.java:1047)
	at org.testng.remote.AbstractRemoteTestNG.run(AbstractRemoteTestNG.java:126)
	at org.testng.remote.RemoteTestNG.initAndRun(RemoteTestNG.java:137)
	at org.testng.remote.RemoteTestNG.main(RemoteTestNG.java:58)
]]>
    </error>
  </testcase> <!-- validateUserDataTestCase -->
</testsuite> <!-- com.restAssuredTestCases.UserTestCase -->
