<?xml version="1.0" encoding="UTF-8"?>
<!-- Generated by org.testng.reporters.JUnitReportReporter -->
<testsuite hostname="sony-VAIO" name="com.restAssuredTestCases.GroovyFunctionTest" tests="4" failures="0" timestamp="1 Dec 2019 16:56:39 GMT" time="6.057" errors="0">
  <testcase name="testXpathUsingAbsolute" time="0.694" classname="com.restAssuredTestCases.GroovyFunctionTest"/>
  <testcase name="testXpathUsingRelative" time="0.548" classname="com.restAssuredTestCases.GroovyFunctionTest"/>
  <testcase name="testXpathUsingText" time="0.672" classname="com.restAssuredTestCases.GroovyFunctionTest"/>
  <testcase name="testXpath" time="4.143" classname="com.restAssuredTestCases.GroovyFunctionTest"/>
</testsuite> <!-- com.restAssuredTestCases.GroovyFunctionTest -->
