<?xml version="1.0" encoding="UTF-8"?>
<!-- Generated by org.testng.reporters.JUnitReportReporter -->
<testsuite skipped="0" hostname="sony-VAIO" name="com.testng1.TestCase" tests="1" failures="0" timestamp="12 May 2018 12:21:04 GMT" time="11.047" errors="0">
  <testcase name="booking" time="11.047" classname="com.testng1.TestCase"/>
</testsuite> <!-- com.testng1.TestCase -->
