<?xml version="1.0" encoding="UTF-8"?>
<!-- Generated by org.testng.reporters.JUnitReportReporter -->
<testsuite skipped="0" hostname="sony-VAIO" name="com.test.Email.EmailValidatorTest" tests="3" failures="0" timestamp="29 Apr 2018 11:46:51 GMT" time="0.037" errors="0">
  <testcase name="testEmailValidation" time="0.020" classname="com.test.Email.EmailValidatorTest"/>
  <testcase name="InValidEmailTest" time="0.008" classname="com.test.Email.EmailValidatorTest"/>
  <testcase name="ValidEmailTest" time="0.009" classname="com.test.Email.EmailValidatorTest"/>
</testsuite> <!-- com.test.Email.EmailValidatorTest -->
